<?xml version="1.0" encoding="UTF-8"?>
<!-- Generated by org.testng.reporters.JUnitReportReporter -->
<testsuite hostname="IN-PG04G7AF" failures="0" tests="1" name="Project2.FlipkartJen.AddToCartTest" time="11.306" errors="0" timestamp="13 Sep 2024 15:34:38 GMT" skipped="0">
  <testcase classname="Project2.FlipkartJen.AddToCartTest" name="testAddToCart" time="11.306"/>
</testsuite> <!-- Project2.FlipkartJen.AddToCartTest -->
