<?xml version="1.0" encoding="UTF-8"?>
<!-- Generated by org.testng.reporters.JUnitReportReporter -->
<testsuite hostname="IN-PG04G7AF" failures="0" tests="1" name="Project2.FlipkartJen.ProductViewTest" time="9.564" errors="0" timestamp="13 Sep 2024 15:35:53 GMT" skipped="0">
  <testcase classname="Project2.FlipkartJen.ProductViewTest" name="testViewProductView" time="9.564"/>
</testsuite> <!-- Project2.FlipkartJen.ProductViewTest -->
