<?xml version="1.0" encoding="UTF-8"?>
<!-- Generated by org.testng.reporters.JUnitReportReporter -->
<testsuite hostname="IN-PG04G7AF" failures="0" tests="1" name="Project2.FlipkartJen.ProductSearch" time="9.015" errors="0" timestamp="13 Sep 2024 16:08:50 GMT" skipped="0">
  <testcase classname="Project2.FlipkartJen.ProductSearch" name="testSearchProduct" time="9.015"/>
</testsuite> <!-- Project2.FlipkartJen.ProductSearch -->
